2025-03-05T11:45:15.815+05:30  INFO 12944 --- [16_Spring_boot_logins] [main] lk.ijse.spring_boot_logins.Application   : Starting Application using Java 17.0.10 with PID 12944 (D:\IJSE\2nd Semester\Spring_Framework_70\16_Spring_boot_logins\target\classes started by ShanZ in D:\IJSE\2nd Semester\Spring_Framework_70)
2025-03-05T11:45:15.819+05:30 DEBUG 12944 --- [16_Spring_boot_logins] [main] lk.ijse.spring_boot_logins.Application   : Running with Spring Boot v3.4.3, Spring v6.2.3
2025-03-05T11:45:15.820+05:30  INFO 12944 --- [16_Spring_boot_logins] [main] lk.ijse.spring_boot_logins.Application   : No active profile set, falling back to 1 default profile: "default"
2025-03-05T11:45:17.188+05:30  INFO 12944 --- [16_Spring_boot_logins] [main] o.s.b.w.embedded.tomcat.TomcatWebServer  : Tomcat initialized with port 8080 (http)
2025-03-05T11:45:17.214+05:30  INFO 12944 --- [16_Spring_boot_logins] [main] o.apache.catalina.core.StandardService   : Starting service [Tomcat]
2025-03-05T11:45:17.214+05:30  INFO 12944 --- [16_Spring_boot_logins] [main] o.apache.catalina.core.StandardEngine    : Starting Servlet engine: [Apache Tomcat/10.1.36]
2025-03-05T11:45:17.318+05:30  INFO 12944 --- [16_Spring_boot_logins] [main] o.a.c.c.C.[Tomcat].[localhost].[/]       : Initializing Spring embedded WebApplicationContext
2025-03-05T11:45:17.319+05:30  INFO 12944 --- [16_Spring_boot_logins] [main] w.s.c.ServletWebServerApplicationContext : Root WebApplicationContext: initialization completed in 1438 ms
2025-03-05T11:45:17.888+05:30  INFO 12944 --- [16_Spring_boot_logins] [main] o.s.b.w.embedded.tomcat.TomcatWebServer  : Tomcat started on port 8080 (http) with context path '/'
2025-03-05T11:45:17.901+05:30  INFO 12944 --- [16_Spring_boot_logins] [main] lk.ijse.spring_boot_logins.Application   : Started Application in 2.804 seconds (process running for 3.785)
2025-03-05T11:47:15.610+05:30  INFO 12944 --- [16_Spring_boot_logins] [http-nio-8080-exec-2] o.a.c.c.C.[Tomcat].[localhost].[/]       : Initializing Spring DispatcherServlet 'dispatcherServlet'
2025-03-05T11:47:15.611+05:30  INFO 12944 --- [16_Spring_boot_logins] [http-nio-8080-exec-2] o.s.web.servlet.DispatcherServlet        : Initializing Servlet 'dispatcherServlet'
2025-03-05T11:47:15.612+05:30  INFO 12944 --- [16_Spring_boot_logins] [http-nio-8080-exec-2] o.s.web.servlet.DispatcherServlet        : Completed initialization in 1 ms
2025-03-05T11:47:26.033+05:30 DEBUG 12944 --- [16_Spring_boot_logins] [http-nio-8080-exec-3] l.i.s.controller.DemoController          : This is a debug log message
2025-03-05T11:47:26.034+05:30  INFO 12944 --- [16_Spring_boot_logins] [http-nio-8080-exec-3] l.i.s.controller.DemoController          : This is an info log message
2025-03-05T11:47:26.034+05:30  WARN 12944 --- [16_Spring_boot_logins] [http-nio-8080-exec-3] l.i.s.controller.DemoController          : This is a warn log message
2025-03-05T11:47:26.034+05:30 ERROR 12944 --- [16_Spring_boot_logins] [http-nio-8080-exec-3] l.i.s.controller.DemoController          : This is an error logging message
2025-03-05T11:48:25.476+05:30  INFO 12944 --- [16_Spring_boot_logins] [SpringApplicationShutdownHook] o.s.b.w.e.tomcat.GracefulShutdown        : Commencing graceful shutdown. Waiting for active requests to complete
2025-03-05T11:48:25.658+05:30  INFO 12944 --- [16_Spring_boot_logins] [tomcat-shutdown] o.s.b.w.e.tomcat.GracefulShutdown        : Graceful shutdown complete
2025-03-05T11:51:02.226+05:30  INFO 11304 --- [16_Spring_boot_logins] [main] lk.ijse.spring_boot_logins.Application   : Starting Application using Java 17.0.10 with PID 11304 (D:\IJSE\2nd Semester\Spring_Framework_70\16_Spring_boot_logins\target\classes started by ShanZ in D:\IJSE\2nd Semester\Spring_Framework_70)
2025-03-05T11:51:02.230+05:30 DEBUG 11304 --- [16_Spring_boot_logins] [main] lk.ijse.spring_boot_logins.Application   : Running with Spring Boot v3.4.3, Spring v6.2.3
2025-03-05T11:51:02.232+05:30  INFO 11304 --- [16_Spring_boot_logins] [main] lk.ijse.spring_boot_logins.Application   : No active profile set, falling back to 1 default profile: "default"
2025-03-05T11:51:03.682+05:30  INFO 11304 --- [16_Spring_boot_logins] [main] o.s.b.w.embedded.tomcat.TomcatWebServer  : Tomcat initialized with port 8080 (http)
2025-03-05T11:51:03.706+05:30  INFO 11304 --- [16_Spring_boot_logins] [main] o.apache.catalina.core.StandardService   : Starting service [Tomcat]
2025-03-05T11:51:03.707+05:30  INFO 11304 --- [16_Spring_boot_logins] [main] o.apache.catalina.core.StandardEngine    : Starting Servlet engine: [Apache Tomcat/10.1.36]
2025-03-05T11:51:03.826+05:30  INFO 11304 --- [16_Spring_boot_logins] [main] o.a.c.c.C.[Tomcat].[localhost].[/]       : Initializing Spring embedded WebApplicationContext
2025-03-05T11:51:03.827+05:30  INFO 11304 --- [16_Spring_boot_logins] [main] w.s.c.ServletWebServerApplicationContext : Root WebApplicationContext: initialization completed in 1533 ms
2025-03-05T11:51:04.370+05:30  INFO 11304 --- [16_Spring_boot_logins] [main] o.s.b.w.embedded.tomcat.TomcatWebServer  : Tomcat started on port 8080 (http) with context path '/'
2025-03-05T11:51:04.381+05:30  INFO 11304 --- [16_Spring_boot_logins] [main] lk.ijse.spring_boot_logins.Application   : Started Application in 2.842 seconds (process running for 3.881)
2025-03-05T11:51:14.955+05:30  INFO 11304 --- [16_Spring_boot_logins] [http-nio-8080-exec-2] o.a.c.c.C.[Tomcat].[localhost].[/]       : Initializing Spring DispatcherServlet 'dispatcherServlet'
2025-03-05T11:51:14.956+05:30  INFO 11304 --- [16_Spring_boot_logins] [http-nio-8080-exec-2] o.s.web.servlet.DispatcherServlet        : Initializing Servlet 'dispatcherServlet'
2025-03-05T11:51:14.957+05:30  INFO 11304 --- [16_Spring_boot_logins] [http-nio-8080-exec-2] o.s.web.servlet.DispatcherServlet        : Completed initialization in 1 ms
2025-03-05T11:51:14.998+05:30 DEBUG 11304 --- [16_Spring_boot_logins] [http-nio-8080-exec-2] l.i.s.controller.DemoController          : This is a debug log message
2025-03-05T11:51:14.999+05:30  INFO 11304 --- [16_Spring_boot_logins] [http-nio-8080-exec-2] l.i.s.controller.DemoController          : This is an info log message
2025-03-05T11:51:14.999+05:30  WARN 11304 --- [16_Spring_boot_logins] [http-nio-8080-exec-2] l.i.s.controller.DemoController          : This is a warn log message
2025-03-05T11:51:14.999+05:30 ERROR 11304 --- [16_Spring_boot_logins] [http-nio-8080-exec-2] l.i.s.controller.DemoController          : This is an error logging message
2025-03-05T12:10:04.058+05:30  INFO 11304 --- [16_Spring_boot_logins] [SpringApplicationShutdownHook] o.s.b.w.e.tomcat.GracefulShutdown        : Commencing graceful shutdown. Waiting for active requests to complete
2025-03-05T12:10:04.236+05:30  INFO 11304 --- [16_Spring_boot_logins] [tomcat-shutdown] o.s.b.w.e.tomcat.GracefulShutdown        : Graceful shutdown complete
